11/02/2023 08:41:43 PM - BasePage - INFO: Element list FOUND with locator: .brand.greenLogo and locatorType: css
11/02/2023 08:41:43 PM - BasePage - INFO: Element present with locator: .brand.greenLogo locatorType: css
11/02/2023 08:41:43 PM - BasePage - INFO: =====> Homepage TEST CASE assertion data is: 
11/02/2023 08:41:43 PM - BasePage - INFO: True
11/02/2023 08:41:44 PM - BasePage - INFO: Element found with locator: a[class='increment'] and  locatorType: css
11/02/2023 08:41:44 PM - BasePage - INFO: Clicked on element with locator: a[class='increment'] locatorType: css
11/02/2023 08:41:44 PM - BasePage - INFO: Element found with locator: a[class='increment'] and  locatorType: css
11/02/2023 08:41:44 PM - BasePage - INFO: Clicked on element with locator: a[class='increment'] locatorType: css
11/02/2023 08:41:44 PM - BasePage - INFO: Element found with locator: a[class='increment'] and  locatorType: css
11/02/2023 08:41:44 PM - BasePage - INFO: Clicked on element with locator: a[class='increment'] locatorType: css
11/02/2023 08:41:44 PM - BasePage - INFO: Element found with locator: //button[normalize-space()='ADD TO CART'] and  locatorType: xpath
11/02/2023 08:41:44 PM - BasePage - INFO: Clicked on element with locator: //button[normalize-space()='ADD TO CART'] locatorType: xpath
11/02/2023 08:41:45 PM - BasePage - INFO: Element list FOUND with locator: p[class='product-price'] and locatorType: css
11/02/2023 08:41:45 PM - BasePage - INFO: Element found with locator: //p[normalize-space()='16']/following-sibling::div/button and  locatorType: xpath
11/02/2023 08:41:45 PM - BasePage - INFO: Clicked on element with locator: //p[normalize-space()='16']/following-sibling::div/button locatorType: xpath
11/02/2023 08:41:45 PM - BasePage - INFO: Element list FOUND with locator: p[class='product-price'] and locatorType: css
11/02/2023 08:41:46 PM - BasePage - INFO: Element found with locator: //p[normalize-space()='950']/following-sibling::div/button and  locatorType: xpath
11/02/2023 08:41:46 PM - BasePage - INFO: Clicked on element with locator: //p[normalize-space()='950']/following-sibling::div/button locatorType: xpath
11/02/2023 08:41:46 PM - BasePage - INFO: Element list FOUND with locator: p[class='product-price'] and locatorType: css
11/02/2023 08:41:46 PM - BasePage - INFO: Element found with locator: //p[normalize-space()='200']/following-sibling::div/button and  locatorType: xpath
11/02/2023 08:41:46 PM - BasePage - INFO: Clicked on element with locator: //p[normalize-space()='200']/following-sibling::div/button locatorType: xpath
11/02/2023 08:41:46 PM - BasePage - INFO: Element found with locator: a[class='cart-icon'] and  locatorType: css
11/02/2023 08:41:46 PM - BasePage - INFO: Clicked on element with locator: a[class='cart-icon'] locatorType: css
11/02/2023 08:41:46 PM - BasePage - INFO: Element found with locator: //button[normalize-space()='PROCEED TO CHECKOUT'] and  locatorType: xpath
11/02/2023 08:41:46 PM - BasePage - INFO: Clicked on element with locator: //button[normalize-space()='PROCEED TO CHECKOUT'] locatorType: xpath
11/02/2023 08:41:47 PM - BasePage - INFO: Element found with locator: .totAmt and  locatorType: css
11/02/2023 08:41:47 PM - BasePage - INFO: Getting text on element :: 
11/02/2023 08:41:47 PM - BasePage - INFO: The text is :: '1646'
11/02/2023 08:41:47 PM - BasePage - INFO: Element found with locator: input[class="promoCode"] and  locatorType: css
11/02/2023 08:41:47 PM - BasePage - INFO: Sent data on element with locator: input[class="promoCode"] locatorType: css
11/02/2023 08:41:47 PM - BasePage - INFO: Element found with locator: //button[normalize-space()='Apply'] and  locatorType: xpath
11/02/2023 08:41:47 PM - BasePage - INFO: Clicked on element with locator: //button[normalize-space()='Apply'] locatorType: xpath
11/02/2023 08:41:52 PM - BasePage - INFO: Element list FOUND with locator: //span[@class='promoInfo' and contains(., 'Invalid code')] and locatorType: xpath
11/02/2023 08:41:52 PM - BasePage - INFO: Element present with locator: //span[@class='promoInfo' and contains(., 'Invalid code')] locatorType: xpath
11/02/2023 08:41:52 PM - BasePage - INFO: Element list FOUND with locator: //span[@class='promoInfo' and contains(., 'Invalid code')] and locatorType: xpath
11/02/2023 08:41:52 PM - BasePage - INFO: Element present with locator: //span[@class='promoInfo' and contains(., 'Invalid code')] locatorType: xpath
11/02/2023 08:41:52 PM - BasePage - INFO: Element found with locator: //button[normalize-space()='Place Order'] and  locatorType: xpath
11/02/2023 08:41:52 PM - BasePage - INFO: Clicked on element with locator: //button[normalize-space()='Place Order'] locatorType: xpath
11/02/2023 08:41:53 PM - BasePage - INFO: Element found with locator: //option[normalize-space()='Select'] and  locatorType: xpath
11/02/2023 08:41:53 PM - BasePage - INFO: Element :: above is disabled.
11/02/2023 08:41:54 PM - BasePage - INFO: Element found with locator: //button[normalize-space()='Proceed'] and  locatorType: xpath
11/02/2023 08:41:54 PM - BasePage - INFO: Clicked on element with locator: //button[normalize-space()='Proceed'] locatorType: xpath
11/02/2023 08:41:55 PM - BasePage - INFO: Element list FOUND with locator: //b[normalize-space()='Please accept Terms & Conditions - Required'] and locatorType: xpath
11/02/2023 08:41:55 PM - BasePage - INFO: Element present with locator: //b[normalize-space()='Please accept Terms & Conditions - Required'] locatorType: xpath
11/02/2023 08:41:55 PM - BasePage - INFO: Element found with locator: select[style] and  locatorType: css
11/02/2023 08:41:55 PM - BasePage - INFO: Clicked on element with locator: select[style] locatorType: css
11/02/2023 08:41:55 PM - BasePage - INFO: Element list FOUND with locator: option[value] and locatorType: css
11/02/2023 08:41:57 PM - BasePage - INFO: ['Afghanistan', 'Albania', 'Algeria', 'Andorra', 'Angola', 'Anguilla', 'Antigua &amp; Barbuda', 'Argentina', 'Armenia', 'Aruba', 'Australia', 'Austria', 'Azerbaijan', 'Bahamas', 'Bahrain', 'Bangladesh', 'Barbados', 'Belarus', 'Belgium', 'Belize', 'Benin', 'Bermuda', 'Bhutan', 'Bolivia', 'Bosnia &amp; Herzegovina', 'Botswana', 'Brazil', 'British Virgin Islands', 'Brunei', 'Bulgaria', 'Burkina Faso', 'Burundi', 'Cambodia', 'Cameroon', 'Canada', 'Cape Verde', 'Cayman Islands', 'Chad', 'Chile', 'China', 'Colombia', 'Congo', 'Cook Islands', 'Costa Rica', 'Cote D Ivoire', 'Croatia', 'Cruise Ship', 'Cuba', 'Cyprus', 'Czech Republic', 'Denmark', 'Djibouti', 'Dominica', 'Dominican Republic', 'Ecuador', 'Egypt', 'El Salvador', 'Equatorial Guinea', 'Estonia', 'Ethiopia', 'Falkland Islands', 'Faroe Islands', 'Fiji', 'Finland', 'France', 'French Polynesia', 'French West Indies', 'Gabon', 'Gambia', 'Georgia', 'Germany', 'Ghana', 'Gibraltar', 'Greece', 'Greenland', 'Grenada', 'Guam', 'Guatemala', 'Guernsey', 'Guinea', 'Guinea Bissau', 'Guyana', 'Haiti', 'Honduras', 'Hong Kong', 'Hungary', 'Iceland', 'India', 'Indonesia', 'Iran', 'Iraq', 'Ireland', 'Isle of Man', 'Israel', 'Italy', 'Jamaica', 'Japan', 'Jersey', 'Jordan', 'Kazakhstan', 'Kenya', 'Kuwait', 'Kyrgyz Republic', 'Laos', 'Latvia', 'Lebanon', 'Lesotho', 'Liberia', 'Libya', 'Liechtenstein', 'Lithuania', 'Luxembourg', 'Macau', 'Macedonia', 'Madagascar', 'Malawi', 'Malaysia', 'Maldives', 'Mali', 'Malta', 'Mauritania', 'Mauritius', 'Mexico', 'Moldova', 'Monaco', 'Mongolia', 'Montenegro', 'Montserrat', 'Morocco', 'Mozambique', 'Namibia', 'Nepal', 'Netherlands', 'Netherlands Antilles', 'New Caledonia', 'New Zealand', 'Nicaragua', 'Niger', 'Nigeria', 'Norway', 'Oman', 'Pakistan', 'Palestine', 'Panama', 'Papua New Guinea', 'Paraguay', 'Peru', 'Philippines', 'Poland', 'Portugal', 'Puerto Rico', 'Qatar', 'Reunion', 'Romania', 'Russia', 'Rwanda', 'Saint Pierre &amp; Miquelon', 'Samoa', 'San Marino', 'Satellite', 'Saudi Arabia', 'Senegal', 'Serbia', 'Seychelles', 'Sierra Leone', 'Singapore', 'Slovakia', 'Slovenia', 'South Africa', 'South Korea', 'Spain', 'Sri Lanka', 'St Kitts &amp; Nevis', 'St Lucia', 'St Vincent', 'St. Lucia', 'Sudan', 'Suriname', 'Swaziland', 'Sweden', 'Switzerland', 'Syria', 'Taiwan', 'Tajikistan', 'Tanzania', 'Thailand', "Timor L'Este", 'Togo', 'Tonga', 'Trinidad &amp; Tobago', 'Tunisia', 'Turkey', 'Turkmenistan', 'Turks &amp; Caicos', 'Uganda', 'Ukraine', 'United Arab Emirates', 'United Kingdom', 'United States', 'United States Minor Outlying Islands', 'Uruguay', 'Uzbekistan', 'Venezuela', 'Vietnam', 'Virgin Islands (US)', 'Yemen', 'Zambia', 'Zimbabwe']
11/02/2023 08:41:57 PM - BasePage - INFO: Random country is: Kyrgyz Republic
11/02/2023 08:41:57 PM - BasePage - INFO: Element found with locator: option[value='Kyrgyz Republic'] and  locatorType: css
11/02/2023 08:41:57 PM - BasePage - INFO: Clicked on element with locator: option[value='Kyrgyz Republic'] locatorType: css
11/02/2023 08:41:58 PM - BasePage - INFO: Element found with locator: //button[normalize-space()='Proceed'] and  locatorType: xpath
11/02/2023 08:41:58 PM - BasePage - INFO: Clicked on element with locator: //button[normalize-space()='Proceed'] locatorType: xpath
11/02/2023 08:41:58 PM - BasePage - INFO: Element found with locator: input[type='checkbox'] and  locatorType: css
11/02/2023 08:41:58 PM - BasePage - INFO: Clicked on element with locator: input[type='checkbox'] locatorType: css
11/02/2023 08:41:58 PM - BasePage - INFO: Element found with locator: //button[normalize-space()='Proceed'] and  locatorType: xpath
11/02/2023 08:41:58 PM - BasePage - INFO: Clicked on element with locator: //button[normalize-space()='Proceed'] locatorType: xpath
11/02/2023 08:41:59 PM - BasePage - INFO: Element found with locator: span[style='color:green;font-size:25px'] and  locatorType: css
11/02/2023 08:41:59 PM - BasePage - INFO: Thank you, your order has been placed successfully
You'll be redirected to Home page shortly!!
11/02/2023 08:42:00 PM - BasePage - INFO: Element found with locator: //h1[normalize-space()='ACTIONS'] and  locatorType: xpath
11/02/2023 08:42:00 PM - BasePage - INFO: Element found with locator: //h1[normalize-space()='ACTIONS'] and  locatorType: xpath
11/02/2023 08:42:00 PM - BasePage - INFO: Clicked on element with locator: //h1[normalize-space()='ACTIONS'] locatorType: xpath
11/02/2023 08:42:01 PM - BasePage - INFO: === Title of the page is: WebDriver | Actions ===
11/02/2023 08:42:01 PM - BasePage - INFO: Element found with locator: //b[normalize-space()='DRAG ME TO MY TARGET!'] and  locatorType: xpath
11/02/2023 08:42:01 PM - BasePage - INFO: Element found with locator: //b[normalize-space()='DROP HERE!'] and  locatorType: xpath
11/02/2023 08:42:02 PM - BasePage - INFO: Element found with locator: //div[@id='div-hover']/div[1]/div/a and  locatorType: xpath
11/02/2023 08:42:02 PM - BasePage - INFO: Element is displayed
11/02/2023 08:42:02 PM - BasePage - INFO: Element found with locator: .dropdown.hover and  locatorType: css
11/02/2023 08:42:03 PM - BasePage - INFO: Element found with locator: //div[@id='div-hover']/div[1]/div/a and  locatorType: xpath
11/02/2023 08:42:03 PM - BasePage - INFO: Element is displayed
11/02/2023 08:42:03 PM - BasePage - INFO: Element found with locator: //div[@id='div-hover']/div[1]/div/a and  locatorType: xpath
11/02/2023 08:42:03 PM - BasePage - INFO: Clicked on element with locator: //div[@id='div-hover']/div[1]/div/a locatorType: xpath
11/02/2023 08:42:08 PM - BasePage - INFO: Element found with locator: textarea[placeholder='Comments'] and  locatorType: css
11/02/2023 08:42:08 PM - BasePage - INFO: Sent data on element with locator: textarea[placeholder='Comments'] locatorType: css
